<?xml version="1.0" encoding="UTF-8"?>
<testng-results ignored="0" total="2" passed="2" failed="0" skipped="0">
  <reporter-output>
  </reporter-output>
  <suite started-at="2022-07-06T12:38:54 EDT" name="Default suite" finished-at="2022-07-06T12:38:59 EDT" duration-ms="4889">
    <groups>
    </groups>
    <test started-at="2022-07-06T12:38:54 EDT" name="Default test" finished-at="2022-07-06T12:38:59 EDT" duration-ms="4889">
      <class name="restAPI.sampleAPI">
        <test-method signature="testBody()[pri:0, instance:restAPI.sampleAPI@28eaa59a]" started-at="2022-07-06T12:38:54 EDT" name="testBody" finished-at="2022-07-06T12:38:58 EDT" duration-ms="3995" status="PASS">
          <reporter-output>
          </reporter-output>
        </test-method> <!-- testBody -->
        <test-method signature="testResponseCode()[pri:0, instance:restAPI.sampleAPI@28eaa59a]" started-at="2022-07-06T12:38:58 EDT" name="testResponseCode" finished-at="2022-07-06T12:38:59 EDT" duration-ms="835" status="PASS">
          <reporter-output>
          </reporter-output>
        </test-method> <!-- testResponseCode -->
      </class> <!-- restAPI.sampleAPI -->
    </test> <!-- Default test -->
  </suite> <!-- Default suite -->
</testng-results>
